<?xml version="1.0" encoding="UTF-8"?>
<!-- Generated by org.testng.reporters.JUnitReportReporter -->
<testsuite hostname="DESKTOP-N8M30BU" failures="0" tests="6" name="Test.AluasCareSuperAdmin" time="309.665" errors="0" timestamp="2022-07-20T14:34:47 IST" skipped="0">
  <testcase classname="Test.AluasCareSuperAdmin" name="Support" time="59.461"/>
  <system-out/>
  <testcase classname="Test.AluasCareSuperAdmin" name="ViewAll" time="84.622"/>
  <system-out/>
  <testcase classname="Test.AluasCareSuperAdmin" name="FAQs" time="17.483"/>
  <system-out/>
  <testcase classname="Test.AluasCareSuperAdmin" name="chatwithAulasteam" time="50.419"/>
  <system-out/>
  <testcase classname="Test.AluasCareSuperAdmin" name="callaulasTeam" time="24.504"/>
  <system-out/>
  <testcase classname="Test.AluasCareSuperAdmin" name="Covid19resource" time="73.176"/>
  <system-out/>
</testsuite> <!-- Test.AluasCareSuperAdmin -->
