<?xml version="1.0" encoding="UTF-8"?>
<!-- Generated by org.testng.reporters.JUnitReportReporter -->
<testsuite hostname="DESKTOP-N8M30BU" failures="0" tests="7" name="Test.AluasCareAdmin" time="309.213" errors="0" timestamp="2022-07-20T14:40:47 IST" skipped="0">
  <testcase classname="Test.AluasCareAdmin" name="Support" time="58.791"/>
  <system-out/>
  <testcase classname="Test.AluasCareAdmin" name="ViewAll" time="43.244"/>
  <system-out/>
  <testcase classname="Test.AluasCareAdmin" name="chat" time="41.322"/>
  <system-out/>
  <testcase classname="Test.AluasCareAdmin" name="FAQs" time="17.369"/>
  <system-out/>
  <testcase classname="Test.AluasCareAdmin" name="chatwithAulasteam" time="50.502"/>
  <system-out/>
  <testcase classname="Test.AluasCareAdmin" name="callaulasTeam" time="24.670"/>
  <system-out/>
  <testcase classname="Test.AluasCareAdmin" name="Covid19resource" time="73.315"/>
  <system-out/>
</testsuite> <!-- Test.AluasCareAdmin -->
