<?xml version="1.0" encoding="UTF-8"?>
<!-- Generated by org.testng.reporters.JUnitReportReporter -->
<testsuite hostname="DESKTOP-N8M30BU" failures="0" tests="1" name="PracticeTest.PracticetestSuperAdmin" time="151.174" errors="0" timestamp="2022-06-27T16:24:38 IST" skipped="0">
  <testcase classname="PracticeTest.PracticetestSuperAdmin" name="SyllabusPreviousYearPapers" time="151.174"/>
  <system-out/>
</testsuite> <!-- PracticeTest.PracticetestSuperAdmin -->
