<?xml version="1.0" encoding="UTF-8"?>
<!-- Generated by org.testng.reporters.JUnitReportReporter -->
<testsuite hostname="DESKTOP-N8M30BU" failures="0" tests="1" name="PracticeTest.PracticeTestAdminTest" time="71.831" errors="0" timestamp="2022-06-27T13:19:09 IST" skipped="0">
  <testcase classname="PracticeTest.PracticeTestAdminTest" name="Create" time="71.831"/>
  <system-out/>
</testsuite> <!-- PracticeTest.PracticeTestAdminTest -->
