<?xml version="1.0" encoding="UTF-8"?>
<!-- Generated by org.testng.reporters.JUnitReportReporter -->
<testsuite hostname="DESKTOP-N8M30BU" failures="0" tests="1" name="Test.UserManagementTest" time="31.131" errors="0" timestamp="2022-04-27T11:12:55 IST" skipped="0">
  <testcase classname="Test.UserManagementTest" name="ClickFee" time="31.131"/>
  <system-out/>
</testsuite> <!-- Test.UserManagementTest -->
