<?xml version="1.0" encoding="UTF-8"?>
<!-- Generated by org.testng.reporters.JUnitReportReporter -->
<testsuite hostname="DESKTOP-N8M30BU" failures="0" tests="6" name="Test.AulasCare_DataOperatorTest" time="209.427" errors="0" timestamp="2022-07-20T14:59:01 IST" skipped="0">
  <testcase classname="Test.AulasCare_DataOperatorTest" name="ChatWithInstitute" time="45.036"/>
  <system-out/>
  <testcase classname="Test.AulasCare_DataOperatorTest" name="CallInstitute" time="14.679"/>
  <system-out/>
  <testcase classname="Test.AulasCare_DataOperatorTest" name="FAQs" time="17.119"/>
  <system-out/>
  <testcase classname="Test.AulasCare_DataOperatorTest" name="ChatWithTeam" time="32.867"/>
  <system-out/>
  <testcase classname="Test.AulasCare_DataOperatorTest" name="CallAulas" time="24.662"/>
  <system-out/>
  <testcase classname="Test.AulasCare_DataOperatorTest" name="Covid19Resource" time="75.064"/>
  <system-out/>
</testsuite> <!-- Test.AulasCare_DataOperatorTest -->
