<?xml version="1.0" encoding="UTF-8"?>
<!-- Generated by org.testng.reporters.JUnitReportReporter -->
<testsuite hostname="DESKTOP-N8M30BU" failures="0" tests="6" name="Test.AulascareOperation" time="211.305" errors="0" timestamp="2022-07-20T15:52:06 IST" skipped="0">
  <testcase classname="Test.AulascareOperation" name="ChatWithInstitute" time="45.079"/>
  <system-out/>
  <testcase classname="Test.AulascareOperation" name="CallInstitute" time="14.987"/>
  <system-out/>
  <testcase classname="Test.AulascareOperation" name="FAQs" time="17.404"/>
  <system-out/>
  <testcase classname="Test.AulascareOperation" name="ChatWithTeam" time="32.975"/>
  <system-out/>
  <testcase classname="Test.AulascareOperation" name="CallAulas" time="24.729"/>
  <system-out/>
  <testcase classname="Test.AulascareOperation" name="Covid19Resource" time="76.131"/>
  <system-out/>
</testsuite> <!-- Test.AulascareOperation -->
