<?xml version="1.0" encoding="UTF-8"?>
<!-- Generated by org.testng.reporters.JUnitReportReporter -->
<testsuite hostname="DESKTOP-N8M30BU" failures="0" tests="1" name="PracticeTest.PracticeTestTeacherTest" time="16.621" errors="0" timestamp="2022-06-27T12:22:33 IST" skipped="0">
  <testcase classname="PracticeTest.PracticeTestTeacherTest" name="CreateTest" time="16.621"/>
  <system-out/>
</testsuite> <!-- PracticeTest.PracticeTestTeacherTest -->
