<?xml version="1.0" encoding="UTF-8"?>
<!-- Generated by org.testng.reporters.JUnitReportReporter -->
<testsuite hostname="DESKTOP-N8M30BU" failures="0" tests="4" name="Test.AluasCarestudent" time="133.509" errors="0" timestamp="2022-07-20T15:05:55 IST" skipped="0">
  <testcase classname="Test.AluasCarestudent" name="ChatWithInstitute" time="28.023"/>
  <system-out/>
  <testcase classname="Test.AluasCarestudent" name="CallInstitute" time="14.643"/>
  <system-out/>
  <testcase classname="Test.AluasCarestudent" name="FAQs" time="17.431"/>
  <system-out/>
  <testcase classname="Test.AluasCarestudent" name="Covid19Resource" time="73.412"/>
  <system-out/>
</testsuite> <!-- Test.AluasCarestudent -->
