<?xml version="1.0" encoding="UTF-8"?>
<!-- Generated by org.testng.reporters.JUnitReportReporter -->
<testsuite hostname="DESKTOP-N8M30BU" failures="0" tests="1" name="PracticeTest.PracticeTestAdmin" time="153.244" errors="0" timestamp="2022-06-29T15:17:43 IST" skipped="0">
  <testcase classname="PracticeTest.PracticeTestAdmin" name="SyllabusPartTest" time="153.244"/>
  <system-out/>
</testsuite> <!-- PracticeTest.PracticeTestAdmin -->
