<?xml version="1.0" encoding="UTF-8"?>
<!-- Generated by org.testng.reporters.JUnitReportReporter -->
<testsuite hostname="DESKTOP-N8M30BU" failures="0" tests="45" name="Test.NotificationTest" time="814.729" errors="0" timestamp="2022-06-10T15:42:09 IST" skipped="0">
  <testcase classname="Test.NotificationTest" name="Notification" time="24.833"/>
  <system-out/>
  <testcase classname="Test.NotificationTest" name="Announcement" time="23.658"/>
  <system-out/>
  <testcase classname="Test.NotificationTest" name="Assignment" time="12.426"/>
  <system-out/>
  <testcase classname="Test.NotificationTest" name="Test" time="23.858"/>
  <system-out/>
  <testcase classname="Test.NotificationTest" name="PracticeTest" time="23.588"/>
  <system-out/>
  <testcase classname="Test.NotificationTest" name="DigitalLibrary" time="12.421"/>
  <system-out/>
  <testcase classname="Test.NotificationTest" name="FeeManagement" time="12.426"/>
  <system-out/>
  <testcase classname="Test.NotificationTest" name="Others" time="23.387"/>
  <system-out/>
  <testcase classname="Test.NotificationTest" name="SuperAdminLogOut" time="10.631"/>
  <system-out/>
  <testcase classname="Test.NotificationTest" name="DataOperatorLogIn" time="19.012"/>
  <system-out/>
  <testcase classname="Test.NotificationTest" name="Notification1" time="23.941"/>
  <system-out/>
  <testcase classname="Test.NotificationTest" name="Announcement1" time="23.665"/>
  <system-out/>
  <testcase classname="Test.NotificationTest" name="Assignment1" time="12.325"/>
  <system-out/>
  <testcase classname="Test.NotificationTest" name="Test1" time="23.655"/>
  <system-out/>
  <testcase classname="Test.NotificationTest" name="PracticeTest1" time="21.816"/>
  <system-out/>
  <testcase classname="Test.NotificationTest" name="DataOperatorLogOut" time="10.549"/>
  <system-out/>
  <testcase classname="Test.NotificationTest" name="TeacherLogIn" time="18.684"/>
  <system-out/>
  <testcase classname="Test.NotificationTest" name="Notification2" time="22.758"/>
  <system-out/>
  <testcase classname="Test.NotificationTest" name="Announcement2" time="23.795"/>
  <system-out/>
  <testcase classname="Test.NotificationTest" name="Assignment3" time="12.360"/>
  <system-out/>
  <testcase classname="Test.NotificationTest" name="Test2" time="23.348"/>
  <system-out/>
  <testcase classname="Test.NotificationTest" name="PracticeTest3" time="21.241"/>
  <system-out/>
  <testcase classname="Test.NotificationTest" name="DigitalLibrary1" time="14.359"/>
  <system-out/>
  <testcase classname="Test.NotificationTest" name="TeacherLogOut" time="10.530"/>
  <system-out/>
  <testcase classname="Test.NotificationTest" name="AdminLogIn" time="18.921"/>
  <system-out/>
  <testcase classname="Test.NotificationTest" name="Notification3" time="23.906"/>
  <system-out/>
  <testcase classname="Test.NotificationTest" name="Announcement3" time="23.643"/>
  <system-out/>
  <testcase classname="Test.NotificationTest" name="Assignment4" time="12.537"/>
  <system-out/>
  <testcase classname="Test.NotificationTest" name="Test3" time="23.918"/>
  <system-out/>
  <testcase classname="Test.NotificationTest" name="PracticeTest4" time="21.536"/>
  <system-out/>
  <testcase classname="Test.NotificationTest" name="Other1" time="4.513"/>
  <system-out/>
  <testcase classname="Test.NotificationTest" name="AdminLogOut" time="10.591"/>
  <system-out/>
  <testcase classname="Test.NotificationTest" name="OperationLogIn" time="19.050"/>
  <system-out/>
  <testcase classname="Test.NotificationTest" name="Notification4" time="24.389"/>
  <system-out/>
  <testcase classname="Test.NotificationTest" name="Announcement4" time="23.671"/>
  <system-out/>
  <testcase classname="Test.NotificationTest" name="OperationLogOut" time="10.580"/>
  <system-out/>
  <testcase classname="Test.NotificationTest" name="StudentLogIn" time="18.911"/>
  <system-out/>
  <testcase classname="Test.NotificationTest" name="Notification5" time="23.608"/>
  <system-out/>
  <testcase classname="Test.NotificationTest" name="Announcement5" time="23.937"/>
  <system-out/>
  <testcase classname="Test.NotificationTest" name="Assignment5" time="12.543"/>
  <system-out/>
  <testcase classname="Test.NotificationTest" name="Test5" time="23.598"/>
  <system-out/>
  <testcase classname="Test.NotificationTest" name="PracticeTest5" time="10.457"/>
  <system-out/>
  <testcase classname="Test.NotificationTest" name="FeeManagement4" time="12.365"/>
  <system-out/>
  <testcase classname="Test.NotificationTest" name="DigitalLibrary4" time="12.258"/>
  <system-out/>
  <testcase classname="Test.NotificationTest" name="StudentLogOut" time="10.531"/>
  <system-out/>
</testsuite> <!-- Test.NotificationTest -->
