<?xml version="1.0" encoding="UTF-8"?>
<!-- Generated by org.testng.reporters.JUnitReportReporter -->
<testsuite hostname="DESKTOP-N8M30BU" failures="0" tests="5" name="Test.Notification_DO_Test" time="203.164" errors="0" timestamp="2022-05-24T16:24:13 IST" skipped="0">
  <testcase classname="Test.Notification_DO_Test" name="AllNotification" time="42.225"/>
  <system-out/>
  <testcase classname="Test.Notification_DO_Test" name="Announcements" time="41.853"/>
  <system-out/>
  <testcase classname="Test.Notification_DO_Test" name="Assignments" time="35.435"/>
  <system-out/>
  <testcase classname="Test.Notification_DO_Test" name="Test" time="41.887"/>
  <system-out/>
  <testcase classname="Test.Notification_DO_Test" name="Practice" time="41.764"/>
  <system-out/>
</testsuite> <!-- Test.Notification_DO_Test -->
