<?xml version="1.0" encoding="UTF-8"?>
<!-- Generated by org.testng.reporters.JUnitReportReporter -->
<testsuite hostname="DESKTOP-N8M30BU" failures="0" tests="1" name="FeeManagementTest.FeemanagementOpration" time="11.662" errors="0" timestamp="2022-07-13T14:32:08 IST" skipped="0">
  <testcase classname="FeeManagementTest.FeemanagementOpration" name="StudentProfile" time="11.662"/>
  <system-out/>
</testsuite> <!-- FeeManagementTest.FeemanagementOpration -->
