<?xml version="1.0" encoding="UTF-8"?>
<!-- Generated by org.testng.reporters.JUnitReportReporter -->
<testsuite hostname="DESKTOP-N8M30BU" failures="0" tests="1" name="Test.UserManagementTest1" time="37.337" errors="0" timestamp="2022-07-08T16:06:49 IST" skipped="0">
  <testcase classname="Test.UserManagementTest1" name="OverAllStatus" time="37.337"/>
  <system-out/>
</testsuite> <!-- Test.UserManagementTest1 -->
