<?xml version="1.0" encoding="UTF-8"?>
<!-- Generated by org.testng.reporters.JUnitReportReporter -->
<testsuite hostname="DESKTOP-N8M30BU" failures="0" tests="8" name="Test.NotificationTest1" time="323.037" errors="0" timestamp="2022-05-20T12:42:22 IST" skipped="0">
  <testcase classname="Test.NotificationTest1" name="Notification" time="40.737"/>
  <system-out/>
  <testcase classname="Test.NotificationTest1" name="Announcemet" time="42.834"/>
  <system-out/>
  <testcase classname="Test.NotificationTest1" name="Assignments" time="35.958"/>
  <system-out/>
  <testcase classname="Test.NotificationTest1" name="Test" time="46.564"/>
  <system-out/>
  <testcase classname="Test.NotificationTest1" name="PracticeTest" time="42.516"/>
  <system-out/>
  <testcase classname="Test.NotificationTest1" name="DigitalLibrary" time="36.026"/>
  <system-out/>
  <testcase classname="Test.NotificationTest1" name="FeeManagement" time="35.944"/>
  <system-out/>
  <testcase classname="Test.NotificationTest1" name="Otheres" time="42.458"/>
  <system-out/>
</testsuite> <!-- Test.NotificationTest1 -->
