<?xml version="1.0" encoding="UTF-8"?>
<!-- Generated by org.testng.reporters.JUnitReportReporter -->
<testsuite hostname="DESKTOP-N8M30BU" failures="0" tests="6" name="Test.AulasCareTeacher" time="190.502" errors="0" timestamp="2022-07-20T14:50:13 IST" skipped="0">
  <testcase classname="Test.AulasCareTeacher" name="ChatWithInstitute" time="27.623"/>
  <system-out/>
  <testcase classname="Test.AulasCareTeacher" name="CallInstitute" time="14.510"/>
  <system-out/>
  <testcase classname="Test.AulasCareTeacher" name="FAQs" time="17.224"/>
  <system-out/>
  <testcase classname="Test.AulasCareTeacher" name="Covid19resource" time="73.228"/>
  <system-out/>
  <testcase classname="Test.AulasCareTeacher" name="chatwithAulasteam" time="33.184"/>
  <system-out/>
  <testcase classname="Test.AulasCareTeacher" name="callaulasTeamTracher" time="24.733"/>
  <system-out/>
</testsuite> <!-- Test.AulasCareTeacher -->
